<?xml version="1.0" encoding="UTF-8"?>
<!-- Generated by org.testng.reporters.JUnitReportReporter -->
<testsuite skipped="0" hostname="WS-8192" name="SeleniumFramework.EcommerceWeb.useCaseOne" tests="1" failures="0" timestamp="2020-07-08T19:48:02 IST" time="17.318" errors="0">
  <testcase name="checkLowestPriceAndProductIncart" time="17.318" classname="SeleniumFramework.EcommerceWeb.useCaseOne"/>
  <system-out/>
</testsuite> <!-- SeleniumFramework.EcommerceWeb.useCaseOne -->
